<?xml version="1.0" encoding="UTF-8"?>
<testsuite name="org.example.UserDaoTest" tests="1" skipped="0" failures="0" errors="0" timestamp="2022-09-30T08:10:20" hostname="NSWCH01" time="0.449">
  <properties/>
  <testcase name="createTest()" classname="org.example.UserDaoTest" time="0.449"/>
  <system-out><![CDATA[17:10:20.797 [Test worker] DEBUG com.zaxxer.hikari.HikariConfig - Driver class org.h2.Driver found in Thread context class loader jdk.internal.loader.ClassLoaders$AppClassLoader@5b37e0d2
17:10:20.809 [Test worker] DEBUG org.springframework.jdbc.datasource.DataSourceUtils - Fetching JDBC Connection from DataSource
17:10:20.811 [Test worker] DEBUG com.zaxxer.hikari.HikariConfig - HikariPool-1 - configuration:
17:10:20.832 [Test worker] DEBUG com.zaxxer.hikari.HikariConfig - allowPoolSuspension.............false
17:10:20.832 [Test worker] DEBUG com.zaxxer.hikari.HikariConfig - autoCommit......................true
17:10:20.832 [Test worker] DEBUG com.zaxxer.hikari.HikariConfig - catalog.........................none
17:10:20.832 [Test worker] DEBUG com.zaxxer.hikari.HikariConfig - connectionInitSql...............none
17:10:20.832 [Test worker] DEBUG com.zaxxer.hikari.HikariConfig - connectionTestQuery.............none
17:10:20.832 [Test worker] DEBUG com.zaxxer.hikari.HikariConfig - connectionTimeout...............30000
17:10:20.832 [Test worker] DEBUG com.zaxxer.hikari.HikariConfig - dataSource......................none
17:10:20.833 [Test worker] DEBUG com.zaxxer.hikari.HikariConfig - dataSourceClassName.............none
17:10:20.833 [Test worker] DEBUG com.zaxxer.hikari.HikariConfig - dataSourceJNDI..................none
17:10:20.833 [Test worker] DEBUG com.zaxxer.hikari.HikariConfig - dataSourceProperties............{password=<masked>}
17:10:20.836 [Test worker] DEBUG com.zaxxer.hikari.HikariConfig - driverClassName................."org.h2.Driver"
17:10:20.836 [Test worker] DEBUG com.zaxxer.hikari.HikariConfig - exceptionOverrideClassName......none
17:10:20.837 [Test worker] DEBUG com.zaxxer.hikari.HikariConfig - healthCheckProperties...........{}
17:10:20.837 [Test worker] DEBUG com.zaxxer.hikari.HikariConfig - healthCheckRegistry.............none
17:10:20.837 [Test worker] DEBUG com.zaxxer.hikari.HikariConfig - idleTimeout.....................600000
17:10:20.837 [Test worker] DEBUG com.zaxxer.hikari.HikariConfig - initializationFailTimeout.......1
17:10:20.837 [Test worker] DEBUG com.zaxxer.hikari.HikariConfig - isolateInternalQueries..........false
17:10:20.838 [Test worker] DEBUG com.zaxxer.hikari.HikariConfig - jdbcUrl.........................jdbc:h2:mem://localhost/~/jdbc-practice;MODE=MySQL;DB_CLOSE_DELAY=-1
17:10:20.838 [Test worker] DEBUG com.zaxxer.hikari.HikariConfig - keepaliveTime...................0
17:10:20.838 [Test worker] DEBUG com.zaxxer.hikari.HikariConfig - leakDetectionThreshold..........0
17:10:20.838 [Test worker] DEBUG com.zaxxer.hikari.HikariConfig - maxLifetime.....................1800000
17:10:20.838 [Test worker] DEBUG com.zaxxer.hikari.HikariConfig - maximumPoolSize.................40
17:10:20.838 [Test worker] DEBUG com.zaxxer.hikari.HikariConfig - metricRegistry..................none
17:10:20.838 [Test worker] DEBUG com.zaxxer.hikari.HikariConfig - metricsTrackerFactory...........none
17:10:20.839 [Test worker] DEBUG com.zaxxer.hikari.HikariConfig - minimumIdle.....................40
17:10:20.839 [Test worker] DEBUG com.zaxxer.hikari.HikariConfig - password........................<masked>
17:10:20.839 [Test worker] DEBUG com.zaxxer.hikari.HikariConfig - poolName........................"HikariPool-1"
17:10:20.839 [Test worker] DEBUG com.zaxxer.hikari.HikariConfig - readOnly........................false
17:10:20.839 [Test worker] DEBUG com.zaxxer.hikari.HikariConfig - registerMbeans..................false
17:10:20.839 [Test worker] DEBUG com.zaxxer.hikari.HikariConfig - scheduledExecutor...............none
17:10:20.839 [Test worker] DEBUG com.zaxxer.hikari.HikariConfig - schema..........................none
17:10:20.840 [Test worker] DEBUG com.zaxxer.hikari.HikariConfig - threadFactory...................internal
17:10:20.840 [Test worker] DEBUG com.zaxxer.hikari.HikariConfig - transactionIsolation............default
17:10:20.840 [Test worker] DEBUG com.zaxxer.hikari.HikariConfig - username........................"sa"
17:10:20.840 [Test worker] DEBUG com.zaxxer.hikari.HikariConfig - validationTimeout...............5000
17:10:20.840 [Test worker] INFO com.zaxxer.hikari.HikariDataSource - HikariPool-1 - Starting...
17:10:21.069 [Test worker] INFO com.zaxxer.hikari.pool.HikariPool - HikariPool-1 - Added connection conn0: url=jdbc:h2:mem://localhost/~/jdbc-practice user=SA
17:10:21.071 [Test worker] INFO com.zaxxer.hikari.HikariDataSource - HikariPool-1 - Start completed.
17:10:21.074 [Test worker] DEBUG org.springframework.jdbc.datasource.init.ScriptUtils - Executing SQL script from class path resource [db_schema.sql]
17:10:21.081 [Test worker] DEBUG org.springframework.jdbc.datasource.init.ScriptUtils - 0 returned as update count for SQL: DROP TABLE IF EXISTS USERS
17:10:21.087 [Test worker] DEBUG org.springframework.jdbc.datasource.init.ScriptUtils - 0 returned as update count for SQL: CREATE TABLE USERS ( userId varchar(12) NOT NULL, password varchar(12) NOT NULL, name varchar(20) NOT NULL, email varchar(50), PRIMARY KEY (userId) )
17:10:21.088 [Test worker] DEBUG org.springframework.jdbc.datasource.init.ScriptUtils - Executed SQL script from class path resource [db_schema.sql] in 14 ms.
]]></system-out>
  <system-err><![CDATA[]]></system-err>
</testsuite>
